2021-11-19 14:30:08,369 [main] INFO  com.revature.quizzard.util.AppState - Initializing application
2021-11-19 14:30:08,377 [main] INFO  com.revature.quizzard.util.AppState - Application initialized!
2021-11-19 14:30:19,714 [main] INFO  com.revature.quizzard.screens.Screen - LoginScreen#render invoked
2021-11-19 14:30:21,935 [main] WARN  com.revature.quizzard.screens.Screen - Incorrect credentials provided. Could not authenticate.
2021-11-19 14:30:29,283 [main] INFO  com.revature.quizzard.screens.Screen - LoginScreen#render invoked
2021-11-19 14:30:31,369 [main] INFO  com.revature.quizzard.screens.Screen - Successful authentication of user: test at 1637350231368
2021-11-19 14:31:19,335 [main] INFO  com.revature.quizzard.util.AppState - Initializing application
2021-11-19 14:31:19,346 [main] INFO  com.revature.quizzard.util.AppState - Application initialized!
2021-11-19 14:31:21,667 [main] INFO  com.revature.quizzard.screens.Screen - LoginScreen#render invoked
2021-11-19 14:31:23,569 [main] INFO  com.revature.quizzard.screens.Screen - Successful authentication of user: test
2021-11-20 18:26:01,110 [main] INFO  com.revature.quizzard.util.AppState - Initializing application
2021-11-20 18:26:01,116 [main] INFO  com.revature.quizzard.util.AppState - Application initialized!
2021-11-20 18:26:02,873 [main] INFO  com.revature.quizzard.screens.Screen - LoginScreen#render invoked
2021-11-20 18:26:05,853 [main] INFO  com.revature.quizzard.screens.Screen - Successful authentication of user: test
2021-11-20 18:26:15,861 [main] INFO  com.revature.quizzard.util.AppState - Initializing application
2021-11-20 18:26:15,870 [main] INFO  com.revature.quizzard.util.AppState - Application initialized!
2021-11-20 18:26:17,289 [main] INFO  com.revature.quizzard.screens.Screen - LoginScreen#render invoked
2021-11-20 18:26:20,685 [main] WARN  com.revature.quizzard.screens.Screen - Incorrect credentials provided. Could not authenticate.
2021-11-20 18:26:24,587 [main] INFO  com.revature.quizzard.screens.Screen - LoginScreen#render invoked
2021-11-20 18:26:26,281 [main] INFO  com.revature.quizzard.screens.Screen - Successful authentication of user: test
2021-11-20 18:26:29,659 [main] INFO  com.revature.quizzard.daos.FlashcardDAO - FlashcardDAO#findCardsByCreatorId invoked with argument b6ca9c03-8491-4f2c-9054-f725acf46161
